Flow report for function1
Sun Dec 11 19:29:57 2022
Quartus Prime Version 18.1.0 Build 625 09/12/2018 SJ Lite Edition


---------------------
; Table of Contents ;
---------------------
  1. Legal Notice
  2. Flow Summary
  3. Flow Settings
  4. Flow Non-Default Global Settings
  5. Flow Elapsed Time
  6. Flow OS Summary
  7. Flow Log
  8. Flow Messages
  9. Flow Suppressed Messages



----------------
; Legal Notice ;
----------------
Copyright (C) 2018  Intel Corporation. All rights reserved.
Your use of Intel Corporation's design tools, logic functions 
and other software and tools, and its AMPP partner logic 
functions, and any output files from any of the foregoing 
(including device programming or simulation files), and any 
associated documentation or information are expressly subject 
to the terms and conditions of the Intel Program License 
Subscription Agreement, the Intel Quartus Prime License Agreement,
the Intel FPGA IP License Agreement, or other applicable license
agreement, including, without limitation, that your use is for
the sole purpose of programming logic devices manufactured by
Intel and sold by Intel or its authorized distributors.  Please
refer to the applicable agreement for further details.



+----------------------------------------------------------------------------------+
; Flow Summary                                                                     ;
+------------------------------------+---------------------------------------------+
; Flow Status                        ; Successful - Sun Dec 11 19:29:57 2022       ;
; Quartus Prime Version              ; 18.1.0 Build 625 09/12/2018 SJ Lite Edition ;
; Revision Name                      ; function1                                   ;
; Top-level Entity Name              ; gestion                                     ;
; Family                             ; Cyclone IV E                                ;
; Device                             ; EP4CE22F17C6                                ;
; Timing Models                      ; Final                                       ;
; Total logic elements               ; 52 / 22,320 ( < 1 % )                       ;
;     Total combinational functions  ; 43 / 22,320 ( < 1 % )                       ;
;     Dedicated logic registers      ; 45 / 22,320 ( < 1 % )                       ;
; Total registers                    ; 45                                          ;
; Total pins                         ; 11 / 154 ( 7 % )                            ;
; Total virtual pins                 ; 0                                           ;
; Total memory bits                  ; 0 / 608,256 ( 0 % )                         ;
; Embedded Multiplier 9-bit elements ; 0 / 132 ( 0 % )                             ;
; Total PLLs                         ; 0 / 4 ( 0 % )                               ;
+------------------------------------+---------------------------------------------+


+-----------------------------------------+
; Flow Settings                           ;
+-------------------+---------------------+
; Option            ; Setting             ;
+-------------------+---------------------+
; Start date & time ; 12/11/2022 19:29:29 ;
; Main task         ; Compilation         ;
; Revision Name     ; function1           ;
+-------------------+---------------------+


+----------------------------------------------------------------------------------------------------------------------------------------------------------+
; Flow Non-Default Global Settings                                                                                                                         ;
+--------------------------------------+--------------------------------------------------------------------+---------------+-------------+----------------+
; Assignment Name                      ; Value                                                              ; Default Value ; Entity Name ; Section Id     ;
+--------------------------------------+--------------------------------------------------------------------+---------------+-------------+----------------+
; COMPILER_SIGNATURE_ID                ; 154239763370893.167078336913508                                    ; --            ; --          ; --             ;
; EDA_DESIGN_INSTANCE_NAME             ; NA                                                                 ; --            ; --          ; t1             ;
; EDA_GENERATE_FUNCTIONAL_NETLIST      ; On                                                                 ; --            ; --          ; eda_simulation ;
; EDA_NATIVELINK_SIMULATION_TEST_BENCH ; t1                                                                 ; --            ; --          ; eda_simulation ;
; EDA_NETLIST_WRITER_OUTPUT_DIR        ; C:\Users\etudiant\Desktop\MOUNIR_VHDL\simulation\modelsim\rtl_work ; --            ; --          ; eda_simulation ;
; EDA_OUTPUT_DATA_FORMAT               ; Vhdl                                                               ; --            ; --          ; eda_simulation ;
; EDA_RUN_TOOL_AUTOMATICALLY           ; Off                                                                ; --            ; --          ; eda_simulation ;
; EDA_SIMULATION_TOOL                  ; ModelSim-Altera (VHDL)                                             ; <None>        ; --          ; --             ;
; EDA_TEST_BENCH_ENABLE_STATUS         ; NOT_USED                                                           ; --            ; --          ; eda_simulation ;
; EDA_TEST_BENCH_FILE                  ; tb_gestion.vhd                                                     ; --            ; --          ; t1             ;
; EDA_TEST_BENCH_MODULE_NAME           ; tb_gestion                                                         ; --            ; --          ; t1             ;
; EDA_TEST_BENCH_NAME                  ; t1                                                                 ; --            ; --          ; eda_simulation ;
; EDA_TIME_SCALE                       ; 1 ps                                                               ; --            ; --          ; eda_simulation ;
; MAX_CORE_JUNCTION_TEMP               ; 85                                                                 ; --            ; --          ; --             ;
; MIN_CORE_JUNCTION_TEMP               ; 0                                                                  ; --            ; --          ; --             ;
; NOMINAL_CORE_SUPPLY_VOLTAGE          ; 1.2V                                                               ; --            ; --          ; --             ;
; PARTITION_COLOR                      ; -- (Not supported for targeted family)                             ; --            ; gestion     ; Top            ;
; PARTITION_FITTER_PRESERVATION_LEVEL  ; -- (Not supported for targeted family)                             ; --            ; gestion     ; Top            ;
; PARTITION_NETLIST_TYPE               ; -- (Not supported for targeted family)                             ; --            ; gestion     ; Top            ;
; POWER_BOARD_THERMAL_MODEL            ; None (CONSERVATIVE)                                                ; --            ; --          ; --             ;
; POWER_PRESET_COOLING_SOLUTION        ; 23 MM HEAT SINK WITH 200 LFPM AIRFLOW                              ; --            ; --          ; --             ;
; PROJECT_OUTPUT_DIRECTORY             ; output_files                                                       ; --            ; --          ; --             ;
; TOP_LEVEL_ENTITY                     ; gestion                                                            ; function1     ; --          ; --             ;
+--------------------------------------+--------------------------------------------------------------------+---------------+-------------+----------------+


+--------------------------------------------------------------------------------------------------------------------------+
; Flow Elapsed Time                                                                                                        ;
+----------------------+--------------+-------------------------+---------------------+------------------------------------+
; Module Name          ; Elapsed Time ; Average Processors Used ; Peak Virtual Memory ; Total CPU Time (on all processors) ;
+----------------------+--------------+-------------------------+---------------------+------------------------------------+
; Analysis & Synthesis ; 00:00:14     ; 1.0                     ; 4784 MB             ; 00:00:23                           ;
; Fitter               ; 00:00:06     ; 1.0                     ; 5251 MB             ; 00:00:06                           ;
; Assembler            ; 00:00:01     ; 1.0                     ; 4667 MB             ; 00:00:01                           ;
; Timing Analyzer      ; 00:00:02     ; 1.0                     ; 4758 MB             ; 00:00:02                           ;
; EDA Netlist Writer   ; 00:00:01     ; 1.0                     ; 4629 MB             ; 00:00:01                           ;
; Total                ; 00:00:24     ; --                      ; --                  ; 00:00:33                           ;
+----------------------+--------------+-------------------------+---------------------+------------------------------------+


+------------------------------------------------------------------------------------+
; Flow OS Summary                                                                    ;
+----------------------+------------------+------------+------------+----------------+
; Module Name          ; Machine Hostname ; OS Name    ; OS Version ; Processor type ;
+----------------------+------------------+------------+------------+----------------+
; Analysis & Synthesis ; ut3-10700196     ; Windows 10 ; 10.0       ; x86_64         ;
; Fitter               ; ut3-10700196     ; Windows 10 ; 10.0       ; x86_64         ;
; Assembler            ; ut3-10700196     ; Windows 10 ; 10.0       ; x86_64         ;
; Timing Analyzer      ; ut3-10700196     ; Windows 10 ; 10.0       ; x86_64         ;
; EDA Netlist Writer   ; ut3-10700196     ; Windows 10 ; 10.0       ; x86_64         ;
+----------------------+------------------+------------+------------+----------------+


------------
; Flow Log ;
------------
quartus_map --read_settings_files=on --write_settings_files=off function1 -c function1
quartus_fit --read_settings_files=off --write_settings_files=off function1 -c function1
quartus_asm --read_settings_files=off --write_settings_files=off function1 -c function1
quartus_sta function1 -c function1
quartus_eda --read_settings_files=off --write_settings_files=off function1 -c function1



