EDA Netlist Writer report for PWM
Wed Nov 09 09:41:43 2022
Quartus Prime Version 18.0.0 Build 614 04/24/2018 SJ Lite Edition


---------------------
; Table of Contents ;
---------------------
  1. Legal Notice
  2. EDA Netlist Writer Summary
  3. EDA Netlist Writer Messages



----------------
; Legal Notice ;
----------------
Copyright (C) 2018  Intel Corporation. All rights reserved.
Your use of Intel Corporation's design tools, logic functions 
and other software and tools, and its AMPP partner logic 
functions, and any output files from any of the foregoing 
(including device programming or simulation files), and any 
associated documentation or information are expressly subject 
to the terms and conditions of the Intel Program License 
Subscription Agreement, the Intel Quartus Prime License Agreement,
the Intel FPGA IP License Agreement, or other applicable license
agreement, including, without limitation, that your use is for
the sole purpose of programming logic devices manufactured by
Intel and sold by Intel or its authorized distributors.  Please
refer to the applicable agreement for further details.



+-------------------------------------------------------------------+
; EDA Netlist Writer Summary                                        ;
+---------------------------+---------------------------------------+
; EDA Netlist Writer Status ; Successful - Wed Nov 09 09:41:43 2022 ;
; Revision Name             ; PWM                                   ;
; Top-level Entity Name     ; PWM                                   ;
; Family                    ; Cyclone IV E                          ;
+---------------------------+---------------------------------------+


+-----------------------------+
; EDA Netlist Writer Messages ;
+-----------------------------+
Info: *******************************************************************
Info: Running Quartus Prime EDA Netlist Writer
    Info: Version 18.0.0 Build 614 04/24/2018 SJ Lite Edition
    Info: Processing started: Wed Nov 09 09:41:43 2022
Info: Command: quartus_eda --read_settings_files=on --write_settings_files=off PWM -c PWM --gen_testbench
Info (119006): Selected device EP4CE22F17C6 for design "PWM"
Warning (18236): Number of processors has not been specified which may cause overloading on shared machines.  Set the global assignment NUM_PARALLEL_PROCESSORS in your QSF to an appropriate value for best performance.
Info (201002): Generated VHDL Test Bench File C:/Users/ove-a/Desktop/Verin/PWM/simulation/modelsim/PWM.vht for simulation
Info: Quartus Prime EDA Netlist Writer was successful. 0 errors, 1 warning
    Info: Peak virtual memory: 4631 megabytes
    Info: Processing ended: Wed Nov 09 09:41:43 2022
    Info: Elapsed time: 00:00:00
    Info: Total CPU time (on all processors): 00:00:00


